Looking for product: ethreal-tee
Direct lookup result: true
SUCCESS! Found product: Ethreal Tee
Looking for product: ethreal-tee
Direct lookup result: true
SUCCESS! Found product: Ethreal Tee
Looking for product: ethreal-tee
Direct lookup result: true
SUCCESS! Found product: Ethreal Tee
Looking for product: cargo-parachute-pants
Direct lookup result: false
All handles: ethreal-tee
FAILED to find product
Looking for product: ethreal-tee
Direct lookup result: true
SUCCESS! Found product: Ethreal Tee
Looking for product: ethreal-tee
Direct lookup result: true
SUCCESS! Found product: Ethreal Tee
Looking for product: ethreal-tee
Direct lookup result: true
SUCCESS! Found product: Ethreal Tee
Looking for product: ethreal-tee
Direct lookup result: true
SUCCESS! Found product: Ethreal Tee
Looking for product: ethreal-tee
Direct lookup result: true
SUCCESS! Found product: Ethreal Tee
Looking for product: cargo-parachute-pants
Direct lookup result: false
All handles: ethreal-tee
FAILED to find product
Looking for product: cargo-parachute-pants
Direct lookup result: false
All handles: ethreal-tee
FAILED to find product
Looking for product: cargo-parachute-pants
Direct lookup result: false
All handles: ethreal-tee
FAILED to find product
